--------------------------------------
Running PBS prologue script
--------------------------------------
User and Job Data:
--------------------------------------
Job ID:    893800.qb3
Username:  fchen14
Group:     loniadmin
Date:      08-Sep-2021 19:08
Node:      qb021 (30007)
--------------------------------------
PBS has allocated the following nodes:

qb021

A total of 20 processors on 1 nodes allocated
---------------------------------------------
Check nodes and clean them of stray processes
---------------------------------------------
Checking node qb021 19:08:08 
Done clearing all the allocated nodes
------------------------------------------------------
Concluding PBS prologue script - 08-Sep-2021 19:08:08
------------------------------------------------------
Loading r/4.0.3/intel-19.0.5
  Loading requirement: intel/19.0.5 jdk/1.8.0_262/intel-19.0.5
('http://files.rcsb.org/download/6WQ3.pdb', ' extracted to ', '/work/fchen14/user_errs/wxx6941/course/t1//6WQ3.pdb')
('http://files.rcsb.org/download/7JPE.pdb', ' extracted to ', '/work/fchen14/user_errs/wxx6941/course/t1//7JPE.pdb')
('http://files.rcsb.org/download/6WJT.pdb', ' extracted to ', '/work/fchen14/user_errs/wxx6941/course/t1//6WJT.pdb')
('http://files.rcsb.org/download/6WRZ.pdb', ' extracted to ', '/work/fchen14/user_errs/wxx6941/course/t1//6WRZ.pdb')
('http://files.rcsb.org/download/6W4H.pdb', ' extracted to ', '/work/fchen14/user_errs/wxx6941/course/t1//6W4H.pdb')
('http://files.rcsb.org/download/7JHE.pdb', ' extracted to ', '/work/fchen14/user_errs/wxx6941/course/t1//7JHE.pdb')
('http://files.rcsb.org/download/6W75.pdb', ' extracted to ', '/work/fchen14/user_errs/wxx6941/course/t1//6W75.pdb')
('http://files.rcsb.org/download/6WKQ.pdb', ' extracted to ', '/work/fchen14/user_errs/wxx6941/course/t1//6WKQ.pdb')
('http://files.rcsb.org/download/6XKM.pdb', ' extracted to ', '/work/fchen14/user_errs/wxx6941/course/t1//6XKM.pdb')
('http://files.rcsb.org/download/7JIB.pdb', ' extracted to ', '/work/fchen14/user_errs/wxx6941/course/t1//7JIB.pdb')
('http://files.rcsb.org/download/6WVN.pdb', ' extracted to ', '/work/fchen14/user_errs/wxx6941/course/t1//6WVN.pdb')
('http://files.rcsb.org/download/7BQ7.pdb', ' extracted to ', '/work/fchen14/user_errs/wxx6941/course/t1//7BQ7.pdb')
('http://files.rcsb.org/download/6YZ1.pdb', ' extracted to ', '/work/fchen14/user_errs/wxx6941/course/t1//6YZ1.pdb')
('http://files.rcsb.org/download/7C2J.pdb', ' extracted to ', '/work/fchen14/user_errs/wxx6941/course/t1//7C2J.pdb')
('http://files.rcsb.org/download/7C2I.pdb', ' extracted to ', '/work/fchen14/user_errs/wxx6941/course/t1//7C2I.pdb')
('http://files.rcsb.org/download/6W61.pdb', ' extracted to ', '/work/fchen14/user_errs/wxx6941/course/t1//6W61.pdb')
('http://files.rcsb.org/download/3R24.pdb', ' extracted to ', '/work/fchen14/user_errs/wxx6941/course/t1//3R24.pdb')
('http://files.rcsb.org/download/2XYR.pdb', ' extracted to ', '/work/fchen14/user_errs/wxx6941/course/t1//2XYR.pdb')
('http://files.rcsb.org/download/2XYV.pdb', ' extracted to ', '/work/fchen14/user_errs/wxx6941/course/t1//2XYV.pdb')
('http://files.rcsb.org/download/2XYQ.pdb', ' extracted to ', '/work/fchen14/user_errs/wxx6941/course/t1//2XYQ.pdb')
('http://files.rcsb.org/download/5YN8.pdb', ' extracted to ', '/work/fchen14/user_errs/wxx6941/course/t1//5YN8.pdb')
('http://files.rcsb.org/download/5YN6.pdb', ' extracted to ', '/work/fchen14/user_errs/wxx6941/course/t1//5YN6.pdb')
('http://files.rcsb.org/download/5YN5.pdb', ' extracted to ', '/work/fchen14/user_errs/wxx6941/course/t1//5YN5.pdb')
('http://files.rcsb.org/download/5YNI.pdb', ' extracted to ', '/work/fchen14/user_errs/wxx6941/course/t1//5YNI.pdb')
('http://files.rcsb.org/download/5YNF.pdb', ' extracted to ', '/work/fchen14/user_errs/wxx6941/course/t1//5YNF.pdb')
('http://files.rcsb.org/download/5YNB.pdb', ' extracted to ', '/work/fchen14/user_errs/wxx6941/course/t1//5YNB.pdb')
('http://files.rcsb.org/download/5YNP.pdb', ' extracted to ', '/work/fchen14/user_errs/wxx6941/course/t1//5YNP.pdb')
('http://files.rcsb.org/download/5YNQ.pdb', ' extracted to ', '/work/fchen14/user_errs/wxx6941/course/t1//5YNQ.pdb')
('http://files.rcsb.org/download/5YNN.pdb', ' extracted to ', '/work/fchen14/user_errs/wxx6941/course/t1//5YNN.pdb')
('http://files.rcsb.org/download/5YNO.pdb', ' extracted to ', '/work/fchen14/user_errs/wxx6941/course/t1//5YNO.pdb')
('http://files.rcsb.org/download/5YNM.pdb', ' extracted to ', '/work/fchen14/user_errs/wxx6941/course/t1//5YNM.pdb')
('http://files.rcsb.org/download/5YNJ.pdb', ' extracted to ', '/work/fchen14/user_errs/wxx6941/course/t1//5YNJ.pdb')
('Un available URLs- ', [])
End sample generation and storing to disk
Working on theta: [29], dist: [35] 
Size Gap: [10000] 
Printing Distribution Files?: [False] 
Using Chain Information?: [False]
['/work/fchen14/user_errs/wxx6941/course/t1/2XYQ.pdb', '/work/fchen14/user_errs/wxx6941/course/t1/5YNJ.pdb', '/work/fchen14/user_errs/wxx6941/course/t1/7JHE.pdb', '/work/fchen14/user_errs/wxx6941/course/t1/5YN8.pdb', '/work/fchen14/user_errs/wxx6941/course/t1/5YNO.pdb', '/work/fchen14/user_errs/wxx6941/course/t1/7JPE.pdb', '/work/fchen14/user_errs/wxx6941/course/t1/6WQ3.pdb', '/work/fchen14/user_errs/wxx6941/course/t1/5YN6.pdb', '/work/fchen14/user_errs/wxx6941/course/t1/5YNN.pdb', '/work/fchen14/user_errs/wxx6941/course/t1/5YNQ.pdb', '/work/fchen14/user_errs/wxx6941/course/t1/6WKQ.pdb', '/work/fchen14/user_errs/wxx6941/course/t1/6XKM.pdb', '/work/fchen14/user_errs/wxx6941/course/t1/6W61.pdb', '/work/fchen14/user_errs/wxx6941/course/t1/2XYR.pdb', '/work/fchen14/user_errs/wxx6941/course/t1/6YZ1.pdb', '/work/fchen14/user_errs/wxx6941/course/t1/6W4H.pdb', '/work/fchen14/user_errs/wxx6941/course/t1/5YNB.pdb', '/work/fchen14/user_errs/wxx6941/course/t1/6W75.pdb', '/work/fchen14/user_errs/wxx6941/course/t1/3R24.pdb', '/work/fchen14/user_errs/wxx6941/course/t1/5YN5.pdb', '/work/fchen14/user_errs/wxx6941/course/t1/5YNM.pdb', '/work/fchen14/user_errs/wxx6941/course/t1/6WJT.pdb', '/work/fchen14/user_errs/wxx6941/course/t1/6WRZ.pdb', '/work/fchen14/user_errs/wxx6941/course/t1/5YNI.pdb', '/work/fchen14/user_errs/wxx6941/course/t1/2XYV.pdb', '/work/fchen14/user_errs/wxx6941/course/t1/7C2J.pdb', '/work/fchen14/user_errs/wxx6941/course/t1/7BQ7.pdb', '/work/fchen14/user_errs/wxx6941/course/t1/5YNF.pdb', '/work/fchen14/user_errs/wxx6941/course/t1/6WVN.pdb', '/work/fchen14/user_errs/wxx6941/course/t1/5YNP.pdb', '/work/fchen14/user_errs/wxx6941/course/t1/7JIB.pdb', '/work/fchen14/user_errs/wxx6941/course/t1/7C2I.pdb']
[Parallel(n_jobs=19)]: Using backend MultiprocessingBackend with 19 concurrent workers.
[Parallel(n_jobs=19)]: Done   3 out of  32 | elapsed:  3.2min remaining: 30.7min
[Parallel(n_jobs=19)]: Done   7 out of  32 | elapsed:  3.4min remaining: 12.1min
[Parallel(n_jobs=19)]: Done  11 out of  32 | elapsed:  3.6min remaining:  6.8min
[Parallel(n_jobs=19)]: Done  15 out of  32 | elapsed:  3.6min remaining:  4.1min
[Parallel(n_jobs=19)]: Done  19 out of  32 | elapsed:  3.7min remaining:  2.5min
[Parallel(n_jobs=19)]: Done  23 out of  32 | elapsed:  6.7min remaining:  2.6min
[Parallel(n_jobs=19)]: Done  27 out of  32 | elapsed:  6.9min remaining:  1.3min
[Parallel(n_jobs=19)]: Done  32 out of  32 | elapsed:  7.2min finished
6XKM
('FILENAME=', '6XKM', 'NUM OF AMINOACIDS=', 298)
Time take: 3.61689808369 mins.
6W61
('FILENAME=', '6W61', 'NUM OF AMINOACIDS=', 298)
Time take: 3.62690529823 mins.
7JHE
('FILENAME=', '7JHE', 'NUM OF AMINOACIDS=', 299)
Time take: 3.63564860026 mins.
6W4H
('FILENAME=', '6W4H', 'NUM OF AMINOACIDS=', 299)
Time take: 3.63920131524 mins.
6WQ3
('FILENAME=', '6WQ3', 'NUM OF AMINOACIDS=', 299)
Time take: 3.63885651429 mins.
7JPE
('FILENAME=', '7JPE', 'NUM OF AMINOACIDS=', 299)
Time take: 3.65565299988 mins.
5YN8
('FILENAME=', '5YN8', 'NUM OF AMINOACIDS=', 281)
Time take: 3.02729509672 mins.
5YN5
('FILENAME=', '5YN5', 'NUM OF AMINOACIDS=', 289)
Time take: 3.28394285043 mins.
5YN6
('FILENAME=', '5YN6', 'NUM OF AMINOACIDS=', 283)
Time take: 3.09818086624 mins.
5YNM
('FILENAME=', '5YNM', 'NUM OF AMINOACIDS=', 290)
Time take: 3.32782461643 mins.
5YNB
('FILENAME=', '5YNB', 'NUM OF AMINOACIDS=', 291)
Time take: 3.35665586789 mins.
2XYV
('FILENAME=', '2XYV', 'NUM OF AMINOACIDS=', 285)
Time take: 3.16286916733 mins.
2XYR
('FILENAME=', '2XYR', 'NUM OF AMINOACIDS=', 286)
Time take: 3.1640683492 mins.
6WJT
('FILENAME=', '6WJT', 'NUM OF AMINOACIDS=', 297)
Time take: 3.55119396845 mins.
5YNO
('FILENAME=', '5YNO', 'NUM OF AMINOACIDS=', 291)
Time take: 3.35145453215 mins.
5YNI
('FILENAME=', '5YNI', 'NUM OF AMINOACIDS=', 294)
Time take: 3.45011463563 mins.
5YNJ
('FILENAME=', '5YNJ', 'NUM OF AMINOACIDS=', 293)
Time take: 3.42390458186 mins.
5YNF
('FILENAME=', '5YNF', 'NUM OF AMINOACIDS=', 293)
Time take: 3.40969668229 mins.
2XYQ
('FILENAME=', '2XYQ', 'NUM OF AMINOACIDS=', 287)
Time take: 3.20069033305 mins.
6WRZ
('FILENAME=', '6WRZ', 'NUM OF AMINOACIDS=', 299)
Time take: 3.61883041461 mins.
3R24
('FILENAME=', '3R24', 'NUM OF AMINOACIDS=', 292)
Time take: 3.3737703522 mins.
7BQ7
('FILENAME=', '7BQ7', 'NUM OF AMINOACIDS=', 297)
Time take: 3.53651606639 mins.
 0 proteins are exempted from Key Calculation: 
Empty DataFrame
Columns: [protein, #amino_acids, #keys, #keys_with_freq, max_distance, Minimim_Length]
Index: []
Parallel Key Generation completed in 7.19906858206 mins.
_theta29_dist35_NoFeatureSelection_keyCombine0
Working on sample t1 theta bins: 29 length bins: 35
--------------------------Start FeatureSelection-------------------------------
--------------------------End FeatureSelection----------------------------------
--------------------------Start Vectorization-----------------------------------
--------------------------End Vectorization-------------------------------------
--------------------------Start Jaccard-----------------------------------------
/work/fchen14/user_errs/wxx6941/course/t1/theta29_dist35//localFeatureVect_theta29_dist35_NoFeatureSelection_keyCombine0.csv
Time taken for writing to files: 18.1840519905
--------------------------End Jaccard-------------------------------------------
--------------------------Start Clustering--------------------------------------
(32, 32)
--------------------------End Clustering----------------------------------------
Classification done. Total Time taken(secs): 202.946134806
_theta29_dist35_NoFeatureSelection_keyCombine0
Working on sample t1 theta bins: 29 length bins: 35
--------------------------Start Clustering--------------------------------------
(32, 32)
--------------------------End Clustering----------------------------------------
Classification done. Total Time taken(secs): 9.95137000084
------------------------------------------------------
Running PBS epilogue script    - 08-Sep-2021 19:20:10
------------------------------------------------------
Checking node qb021 (MS)
Checking node qb021 ; cleared cache ; ok
------------------------------------------------------
Concluding PBS epilogue script - 08-Sep-2021 19:20:16
------------------------------------------------------
Exit Status:     0
Job ID:          893800.qb3
Username:        fchen14
Group:           loniadmin
Job Name:        stepall
Session Id:      30006
Resource Limits: ncpus=1,neednodes=1:ppn=20,nodes=1:ppn=20,walltime=01:00:00
Resources Used:  cput=01:54:21,mem=11432656kb,vmem=19021372kb,walltime=00:12:04
Queue Used:      workq
Account String:  loni_loniadmin1
Node:            qb021
Process id:      31765
------------------------------------------------------
